2024-09-23T18:48:17.369524+01:00 mainframe kernel: audit: type=1400 audit(1727113697.367:162): apparmor="DENIED" operation="open" class="file" profile="snap-update-ns.firmware-updater" name="/proc/3786/maps" pid=3786 comm="5" requested_mask="r" denied_mask="r" fsuid=1000 ouid=0
2024-09-23T18:48:17.499453+01:00 mainframe kernel: audit: type=1400 audit(1727113697.497:163): apparmor="DENIED" operation="open" class="file" profile="snap.firmware-updater.firmware-notifier" name="/proc/sys/vm/max_map_count" pid=3734 comm="firmware-notifi" requested_mask="r" denied_mask="r" fsuid=1000 ouid=0
2024-09-23T18:51:35.647442+01:00 mainframe kernel: audit: type=1400 audit(1727113895.645:164): apparmor="DENIED" operation="capable" class="cap" profile="/usr/lib/snapd/snap-confine" pid=4414 comm="snap-confine" capability=12  capname="net_admin"
2024-09-23T18:51:35.801431+01:00 mainframe kernel: audit: type=1400 audit(1727113895.798:165): apparmor="DENIED" operation="open" class="file" profile="snap-update-ns.thunderbird" name="/proc/4434/maps" pid=4434 comm="5" requested_mask="r" denied_mask="r" fsuid=1000 ouid=0
2024-09-23T18:51:36.809581+01:00 mainframe kernel: audit: type=1107 audit(1727113896.807:166): pid=715 uid=101 auid=4294967295 ses=4294967295 subj=unconfined msg='apparmor="DENIED" operation="dbus_method_call"  bus="system" path="/org/freedesktop/login1" interface="org.freedesktop.DBus.Properties" member="GetAll" mask="send" name=":1.7" pid=4414 label="snap.thunderbird.thunderbird" peer_pid=758 peer_label="unconfined"
2024-09-23T18:51:36.809588+01:00 mainframe kernel:  exe="/usr/bin/dbus-daemon" sauid=101 hostname=? addr=? terminal=?'
2024-09-23T18:51:36.861439+01:00 mainframe kernel: audit: type=1107 audit(1727113896.859:167): pid=715 uid=101 auid=4294967295 ses=4294967295 subj=unconfined msg='apparmor="DENIED" operation="dbus_method_call"  bus="system" path="/org/freedesktop/timedate1" interface="org.freedesktop.DBus.Properties" member="GetAll" mask="send" name=":1.128" pid=4414 label="snap.thunderbird.thunderbird" peer_pid=4592 peer_label="unconfined"
2024-09-23T18:51:36.861446+01:00 mainframe kernel:  exe="/usr/bin/dbus-daemon" sauid=101 hostname=? addr=? terminal=?'
2024-09-23T18:51:36.862437+01:00 mainframe kernel: audit: type=1107 audit(1727113896.860:168): pid=715 uid=101 auid=4294967295 ses=4294967295 subj=unconfined msg='apparmor="DENIED" operation="dbus_method_call"  bus="system" path="/org/freedesktop/timedate1" interface="org.freedesktop.DBus.Properties" member="GetAll" mask="send" name=":1.128" pid=4414 label="snap.thunderbird.thunderbird" peer_pid=4592 peer_label="unconfined"
2024-09-23T18:51:36.862441+01:00 mainframe kernel:  exe="/usr/bin/dbus-daemon" sauid=101 hostname=? addr=? terminal=?'
2024-09-23T18:51:40.990473+01:00 mainframe kernel: audit: type=1400 audit(1727113900.988:169): apparmor="DENIED" operation="open" class="file" profile="snap-update-ns.firefox" name="/usr/local/share/" pid=4764 comm="5" requested_mask="r" denied_mask="r" fsuid=0 ouid=0
2024-09-23T18:51:41.077444+01:00 mainframe kernel: audit: type=1400 audit(1727113901.075:170): apparmor="DENIED" operation="open" class="file" profile="snap-update-ns.firefox" name="/proc/4770/maps" pid=4770 comm="5" requested_mask="r" denied_mask="r" fsuid=1000 ouid=0
2024-09-23T18:51:42.574518+01:00 mainframe kernel: audit: type=1107 audit(1727113902.572:171): pid=715 uid=101 auid=4294967295 ses=4294967295 subj=unconfined msg='apparmor="DENIED" operation="dbus_method_call"  bus="system" path="/org/freedesktop/timedate1" interface="org.freedesktop.DBus.Properties" member="GetAll" mask="send" name=":1.128" pid=4753 label="snap.firefox.firefox" peer_pid=4592 peer_label="unconfined"
2024-09-23T18:51:42.574532+01:00 mainframe kernel:  exe="/usr/bin/dbus-daemon" sauid=101 hostname=? addr=? terminal=?'
2024-09-23T19:07:38.512268+01:00 mainframe kernel: audit: type=1400 audit(1727114858.510:172): apparmor="STATUS" operation="profile_replace" info="same as current profile, skipping" profile="unconfined" name="lsb_release" pid=8987 comm="apparmor_parser"
2024-09-23T19:07:38.533136+01:00 mainframe kernel: audit: type=1400 audit(1727114858.531:173): apparmor="STATUS" operation="profile_replace" profile="unconfined" name="nvidia_modprobe" pid=8990 comm="apparmor_parser"
2024-09-23T19:07:38.539127+01:00 mainframe kernel: audit: type=1400 audit(1727114858.537:174): apparmor="STATUS" operation="profile_replace" profile="unconfined" name="nvidia_modprobe//kmod" pid=8990 comm="apparmor_parser"
2024-09-23T19:07:39.105135+01:00 mainframe kernel: audit: type=1400 audit(1727114859.103:175): apparmor="STATUS" operation="profile_replace" info="same as current profile, skipping" profile="unconfined" name="1password" pid=9407 comm="apparmor_parser"
2024-09-23T19:07:39.106132+01:00 mainframe kernel: audit: type=1400 audit(1727114859.104:176): apparmor="STATUS" operation="profile_replace" info="same as current profile, skipping" profile="unconfined" name="Discord" pid=9408 comm="apparmor_parser"
2024-09-23T19:07:39.106137+01:00 mainframe kernel: audit: type=1400 audit(1727114859.104:177): apparmor="STATUS" operation="profile_replace" info="same as current profile, skipping" profile="unconfined" name=4D6F6E676F444220436F6D70617373 pid=9409 comm="apparmor_parser"
2024-09-23T19:07:39.108125+01:00 mainframe kernel: audit: type=1400 audit(1727114859.106:178): apparmor="STATUS" operation="profile_replace" info="same as current profile, skipping" profile="unconfined" name="QtWebEngineProcess" pid=9410 comm="apparmor_parser"
2024-09-23T19:07:39.108130+01:00 mainframe kernel: audit: type=1400 audit(1727114859.106:179): apparmor="STATUS" operation="profile_load" profile="unconfined" name="balena-etcher" pid=9411 comm="apparmor_parser"
2024-09-23T19:07:39.111156+01:00 mainframe kernel: audit: type=1400 audit(1727114859.109:180): apparmor="STATUS" operation="profile_replace" info="same as current profile, skipping" profile="unconfined" name="brave" pid=9412 comm="apparmor_parser"
2024-09-23T19:07:39.111161+01:00 mainframe kernel: audit: type=1400 audit(1727114859.109:181): apparmor="STATUS" operation="profile_replace" info="same as current profile, skipping" profile="unconfined" name="buildah" pid=9413 comm="apparmor_parser"
2024-09-23T19:07:44.919140+01:00 mainframe kernel: kauditd_printk_skb: 124 callbacks suppressed
2024-09-23T19:07:44.919248+01:00 mainframe kernel: audit: type=1400 audit(1727114864.917:306): apparmor="STATUS" operation="profile_replace" profile="unconfined" name="ubuntu_pro_apt_news" pid=9693 comm="apparmor_parser"
2024-09-23T19:07:45.076128+01:00 mainframe kernel: audit: type=1400 audit(1727114865.074:307): apparmor="STATUS" operation="profile_replace" info="same as current profile, skipping" profile="unconfined" name="ubuntu_pro_esm_cache" pid=9696 comm="apparmor_parser"
2024-09-23T19:07:45.077148+01:00 mainframe kernel: audit: type=1400 audit(1727114865.075:308): apparmor="STATUS" operation="profile_replace" info="same as current profile, skipping" profile="unconfined" name="ubuntu_pro_esm_cache//apt_methods" pid=9696 comm="apparmor_parser"
2024-09-23T19:07:45.077177+01:00 mainframe kernel: audit: type=1400 audit(1727114865.075:309): apparmor="STATUS" operation="profile_replace" info="same as current profile, skipping" profile="unconfined" name="ubuntu_pro_esm_cache//apt_methods_gpgv" pid=9696 comm="apparmor_parser"
2024-09-23T19:07:45.078127+01:00 mainframe kernel: audit: type=1400 audit(1727114865.076:310): apparmor="STATUS" operation="profile_replace" info="same as current profile, skipping" profile="unconfined" name="ubuntu_pro_esm_cache//cloud_id" pid=9696 comm="apparmor_parser"
2024-09-23T19:07:45.079163+01:00 mainframe kernel: audit: type=1400 audit(1727114865.077:311): apparmor="STATUS" operation="profile_replace" info="same as current profile, skipping" profile="unconfined" name="ubuntu_pro_esm_cache//dpkg" pid=9696 comm="apparmor_parser"
2024-09-23T19:07:45.079185+01:00 mainframe kernel: audit: type=1400 audit(1727114865.077:312): apparmor="STATUS" operation="profile_replace" info="same as current profile, skipping" profile="unconfined" name="ubuntu_pro_esm_cache//ps" pid=9696 comm="apparmor_parser"
2024-09-23T19:07:45.080128+01:00 mainframe kernel: audit: type=1400 audit(1727114865.078:313): apparmor="STATUS" operation="profile_replace" info="same as current profile, skipping" profile="unconfined" name="ubuntu_pro_esm_cache//ubuntu_distro_info" pid=9696 comm="apparmor_parser"
2024-09-23T19:07:45.080132+01:00 mainframe kernel: audit: type=1400 audit(1727114865.078:314): apparmor="STATUS" operation="profile_replace" info="same as current profile, skipping" profile="unconfined" name="ubuntu_pro_esm_cache_systemctl" pid=9696 comm="apparmor_parser"
2024-09-23T19:07:45.080132+01:00 mainframe kernel: audit: type=1400 audit(1727114865.078:315): apparmor="STATUS" operation="profile_replace" info="same as current profile, skipping" profile="unconfined" name="ubuntu_pro_esm_cache_systemd_detect_virt" pid=9696 comm="apparmor_parser"
2024-09-23T19:09:47.432127+01:00 mainframe kernel: audit: type=1400 audit(1727114987.430:316): apparmor="DENIED" operation="capable" class="cap" profile="/usr/lib/snapd/snap-confine" pid=14630 comm="snap-confine" capability=12  capname="net_admin"
2024-09-23T19:09:47.440156+01:00 mainframe kernel: audit: type=1400 audit(1727114987.437:317): apparmor="DENIED" operation="open" class="file" profile="snap-update-ns.firefox" name="/proc/14648/maps" pid=14648 comm="5" requested_mask="r" denied_mask="r" fsuid=1000 ouid=0
2024-09-23T19:09:48.398209+01:00 mainframe kernel: audit: type=1107 audit(1727114988.396:318): pid=715 uid=101 auid=4294967295 ses=4294967295 subj=unconfined msg='apparmor="DENIED" operation="dbus_method_call"  bus="system" path="/org/freedesktop/timedate1" interface="org.freedesktop.DBus.Properties" member="GetAll" mask="send" name=":1.173" pid=14630 label="snap.firefox.firefox" peer_pid=14751 peer_label="unconfined"
2024-09-23T19:09:48.398270+01:00 mainframe kernel:  exe="/usr/bin/dbus-daemon" sauid=101 hostname=? addr=? terminal=?'
2024-09-23T19:09:48.408180+01:00 mainframe kernel: audit: type=1107 audit(1727114988.406:319): pid=715 uid=101 auid=4294967295 ses=4294967295 subj=unconfined msg='apparmor="DENIED" operation="dbus_method_call"  bus="system" path="/org/freedesktop/timedate1" interface="org.freedesktop.DBus.Properties" member="GetAll" mask="send" name=":1.173" pid=14630 label="snap.firefox.firefox" peer_pid=14751 peer_label="unconfined"
2024-09-23T19:09:48.408219+01:00 mainframe kernel:  exe="/usr/bin/dbus-daemon" sauid=101 hostname=? addr=? terminal=?'
2024-09-23T19:26:10.006142+01:00 mainframe kernel: audit: type=1400 audit(1727115970.004:320): apparmor="DENIED" operation="capable" class="cap" profile="/usr/lib/snapd/snap-confine" pid=16724 comm="snap-confine" capability=12  capname="net_admin"
2024-09-23T19:26:10.014130+01:00 mainframe kernel: audit: type=1400 audit(1727115970.012:321): apparmor="DENIED" operation="open" class="file" profile="snap-update-ns.firefox" name="/proc/16742/maps" pid=16742 comm="5" requested_mask="r" denied_mask="r" fsuid=1000 ouid=0
2024-09-23T19:26:10.932133+01:00 mainframe kernel: audit: type=1107 audit(1727115970.930:322): pid=715 uid=101 auid=4294967295 ses=4294967295 subj=unconfined msg='apparmor="DENIED" operation="dbus_method_call"  bus="system" path="/org/freedesktop/timedate1" interface="org.freedesktop.DBus.Properties" member="GetAll" mask="send" name=":1.199" pid=16724 label="snap.firefox.firefox" peer_pid=16844 peer_label="unconfined"
2024-09-23T19:26:10.932178+01:00 mainframe kernel:  exe="/usr/bin/dbus-daemon" sauid=101 hostname=? addr=? terminal=?'
2024-09-23T19:26:10.933122+01:00 mainframe kernel: audit: type=1107 audit(1727115970.931:323): pid=715 uid=101 auid=4294967295 ses=4294967295 subj=unconfined msg='apparmor="DENIED" operation="dbus_method_call"  bus="system" path="/org/freedesktop/timedate1" interface="org.freedesktop.DBus.Properties" member="GetAll" mask="send" name=":1.199" pid=16724 label="snap.firefox.firefox" peer_pid=16844 peer_label="unconfined"
2024-09-23T19:26:10.933126+01:00 mainframe kernel:  exe="/usr/bin/dbus-daemon" sauid=101 hostname=? addr=? terminal=?'
2024-09-23T21:00:38.270800+01:00 mainframe kernel: audit: type=1400 audit(1727121638.268:324): apparmor="DENIED" operation="open" class="file" profile="snap-update-ns.firmware-updater" name="/proc/18753/maps" pid=18753 comm="5" requested_mask="r" denied_mask="r" fsuid=1000 ouid=0
2024-09-23T21:00:38.316702+01:00 mainframe kernel: audit: type=1400 audit(1727121638.314:325): apparmor="DENIED" operation="open" class="file" profile="snap.firmware-updater.firmware-notifier" name="/proc/sys/vm/max_map_count" pid=18738 comm="firmware-notifi" requested_mask="r" denied_mask="r" fsuid=1000 ouid=0
2024-09-24T11:04:44.870005+01:00 mainframe kernel: audit: type=1400 audit(1727172284.861:326): apparmor="DENIED" operation="open" class="file" profile="snap-update-ns.firmware-updater" name="/proc/20006/maps" pid=20006 comm="5" requested_mask="r" denied_mask="r" fsuid=1000 ouid=0
2024-09-24T11:04:44.981334+01:00 mainframe kernel: audit: type=1400 audit(1727172284.979:327): apparmor="DENIED" operation="open" class="file" profile="snap.firmware-updater.firmware-notifier" name="/proc/sys/vm/max_map_count" pid=19956 comm="firmware-notifi" requested_mask="r" denied_mask="r" fsuid=1000 ouid=0
2024-09-24T11:04:45.640244+01:00 mainframe kernel: audit: type=1400 audit(1727172285.637:328): apparmor="DENIED" operation="capable" class="cap" profile="/usr/sbin/cupsd" pid=20191 comm="cupsd" capability=12  capname="net_admin"
2024-09-25T19:33:24.281135+01:00 mainframe kernel: audit: type=1400 audit(1727289204.279:329): apparmor="DENIED" operation="open" class="file" profile="snap-update-ns.firmware-updater" name="/proc/21245/maps" pid=21245 comm="5" requested_mask="r" denied_mask="r" fsuid=1000 ouid=0
2024-09-25T19:33:24.379671+01:00 mainframe kernel: audit: type=1400 audit(1727289204.377:330): apparmor="DENIED" operation="open" class="file" profile="snap.firmware-updater.firmware-notifier" name="/proc/sys/vm/max_map_count" pid=21189 comm="firmware-notifi" requested_mask="r" denied_mask="r" fsuid=1000 ouid=0
2024-09-26T16:27:27.521239+01:00 mainframe kernel: audit: type=1400 audit(1727364447.520:331): apparmor="DENIED" operation="open" class="file" profile="snap-update-ns.firmware-updater" name="/proc/23925/maps" pid=23925 comm="5" requested_mask="r" denied_mask="r" fsuid=1000 ouid=0
2024-09-26T16:27:27.629584+01:00 mainframe kernel: audit: type=1400 audit(1727364447.628:332): apparmor="DENIED" operation="open" class="file" profile="snap.firmware-updater.firmware-notifier" name="/proc/sys/vm/max_map_count" pid=23881 comm="firmware-notifi" requested_mask="r" denied_mask="r" fsuid=1000 ouid=0
2024-09-26T16:27:27.782988+01:00 mainframe kernel: audit: type=1400 audit(1727364447.781:333): apparmor="DENIED" operation="capable" class="cap" profile="/usr/sbin/cupsd" pid=23992 comm="cupsd" capability=12  capname="net_admin"
2024-09-26T16:36:46.159219+01:00 mainframe kernel: audit: type=1400 audit(1727365006.157:334): apparmor="DENIED" operation="capable" class="cap" profile="/usr/lib/snapd/snap-confine" pid=28910 comm="snap-confine" capability=12  capname="net_admin"
2024-09-26T16:36:46.167143+01:00 mainframe kernel: audit: type=1400 audit(1727365006.165:335): apparmor="DENIED" operation="open" class="file" profile="snap-update-ns.firefox" name="/proc/28931/maps" pid=28931 comm="5" requested_mask="r" denied_mask="r" fsuid=1000 ouid=0
2024-09-26T16:36:46.987229+01:00 mainframe kernel: audit: type=1107 audit(1727365006.985:336): pid=715 uid=101 auid=4294967295 ses=4294967295 subj=unconfined msg='apparmor="DENIED" operation="dbus_method_call"  bus="system" path="/org/freedesktop/timedate1" interface="org.freedesktop.DBus.Properties" member="GetAll" mask="send" name=":1.305" pid=28910 label="snap.firefox.firefox" peer_pid=29031 peer_label="unconfined"
2024-09-26T16:36:46.987289+01:00 mainframe kernel:  exe="/usr/bin/dbus-daemon" sauid=101 hostname=? addr=? terminal=?'
2024-09-26T16:36:46.996138+01:00 mainframe kernel: audit: type=1107 audit(1727365006.994:337): pid=715 uid=101 auid=4294967295 ses=4294967295 subj=unconfined msg='apparmor="DENIED" operation="dbus_method_call"  bus="system" path="/org/freedesktop/timedate1" interface="org.freedesktop.DBus.Properties" member="GetAll" mask="send" name=":1.305" pid=28910 label="snap.firefox.firefox" peer_pid=29031 peer_label="unconfined"
2024-09-26T16:36:46.996190+01:00 mainframe kernel:  exe="/usr/bin/dbus-daemon" sauid=101 hostname=? addr=? terminal=?'
2024-09-26T16:40:27.108141+01:00 mainframe kernel: audit: type=1400 audit(1727365227.106:338): apparmor="DENIED" operation="open" class="file" profile="snap-update-ns.thunderbird" name="/proc/30179/maps" pid=30179 comm="5" requested_mask="r" denied_mask="r" fsuid=1000 ouid=0
2024-09-26T16:40:27.981157+01:00 mainframe kernel: audit: type=1107 audit(1727365227.979:339): pid=715 uid=101 auid=4294967295 ses=4294967295 subj=unconfined msg='apparmor="DENIED" operation="dbus_method_call"  bus="system" path="/org/freedesktop/login1" interface="org.freedesktop.DBus.Properties" member="GetAll" mask="send" name=":1.7" pid=30158 label="snap.thunderbird.thunderbird" peer_pid=758 peer_label="unconfined"
2024-09-26T16:40:27.981164+01:00 mainframe kernel:  exe="/usr/bin/dbus-daemon" sauid=101 hostname=? addr=? terminal=?'
2024-09-26T16:40:28.038152+01:00 mainframe kernel: audit: type=1107 audit(1727365228.036:340): pid=715 uid=101 auid=4294967295 ses=4294967295 subj=unconfined msg='apparmor="DENIED" operation="dbus_method_call"  bus="system" path="/org/freedesktop/timedate1" interface="org.freedesktop.DBus.Properties" member="GetAll" mask="send" name=":1.325" pid=30158 label="snap.thunderbird.thunderbird" peer_pid=30286 peer_label="unconfined"
2024-09-26T16:40:28.038194+01:00 mainframe kernel:  exe="/usr/bin/dbus-daemon" sauid=101 hostname=? addr=? terminal=?'
2024-09-26T16:40:28.038213+01:00 mainframe kernel: audit: type=1107 audit(1727365228.036:341): pid=715 uid=101 auid=4294967295 ses=4294967295 subj=unconfined msg='apparmor="DENIED" operation="dbus_method_call"  bus="system" path="/org/freedesktop/timedate1" interface="org.freedesktop.DBus.Properties" member="GetAll" mask="send" name=":1.325" pid=30158 label="snap.thunderbird.thunderbird" peer_pid=30286 peer_label="unconfined"
2024-09-26T16:40:28.038231+01:00 mainframe kernel:  exe="/usr/bin/dbus-daemon" sauid=101 hostname=? addr=? terminal=?'
2024-09-26T16:51:44.045184+01:00 mainframe kernel: usb 1-3: new high-speed USB device number 3 using xhci_hcd
2024-09-26T16:51:44.460092+01:00 mainframe kernel: usb 1-3: New USB device found, idVendor=058f, idProduct=6387, bcdDevice= 1.06
2024-09-26T16:51:44.460197+01:00 mainframe kernel: usb 1-3: New USB device strings: Mfr=1, Product=2, SerialNumber=3
2024-09-26T16:51:44.460200+01:00 mainframe kernel: usb 1-3: Product: Mass Storage
2024-09-26T16:51:44.460201+01:00 mainframe kernel: usb 1-3: Manufacturer: Generic
2024-09-26T16:51:44.460204+01:00 mainframe kernel: usb 1-3: SerialNumber: 9AD32EC0
2024-09-26T16:51:44.495782+01:00 mainframe kernel: usb-storage 1-3:1.0: USB Mass Storage device detected
2024-09-26T16:51:44.495791+01:00 mainframe kernel: scsi host6: usb-storage 1-3:1.0
2024-09-26T16:51:44.496308+01:00 mainframe kernel: usbcore: registered new interface driver usb-storage
2024-09-26T16:51:44.502196+01:00 mainframe kernel: usbcore: registered new interface driver uas
2024-09-26T16:51:45.544519+01:00 mainframe kernel: scsi 6:0:0:0: Direct-Access     Generic  Flash Disk       8.07 PQ: 0 ANSI: 4
2024-09-26T16:51:45.545176+01:00 mainframe kernel: sd 6:0:0:0: Attached scsi generic sg1 type 0
2024-09-26T16:51:45.563166+01:00 mainframe kernel: sd 6:0:0:0: [sda] 30720000 512-byte logical blocks: (15.7 GB/14.6 GiB)
2024-09-26T16:51:45.565135+01:00 mainframe kernel: sd 6:0:0:0: [sda] Write Protect is off
2024-09-26T16:51:45.565141+01:00 mainframe kernel: sd 6:0:0:0: [sda] Mode Sense: 23 00 00 00
2024-09-26T16:51:45.565143+01:00 mainframe kernel: sd 6:0:0:0: [sda] Write cache: disabled, read cache: enabled, doesn't support DPO or FUA
2024-09-26T16:51:45.571319+01:00 mainframe kernel:  sda:
2024-09-26T16:51:45.571325+01:00 mainframe kernel: sd 6:0:0:0: [sda] Attached SCSI removable disk
2024-09-26T16:51:46.025573+01:00 mainframe kernel: FAT-fs (sda): Volume was not properly unmounted. Some data may be corrupt. Please run fsck.
2024-09-26T16:53:00.340175+01:00 mainframe kernel: usb 1-3: USB disconnect, device number 3
2024-09-26T16:53:00.350198+01:00 mainframe kernel: device offline error, dev sda, sector 32768 op 0x1:(WRITE) flags 0x0 phys_seg 1 prio class 0
2024-09-26T16:53:00.350212+01:00 mainframe kernel: Buffer I/O error on dev sda, logical block 32768, lost async page write
2024-09-26T16:53:00.350214+01:00 mainframe kernel: device offline error, dev sda, sector 32784 op 0x1:(WRITE) flags 0x0 phys_seg 1 prio class 0
2024-09-26T16:53:00.350215+01:00 mainframe kernel: Buffer I/O error on dev sda, logical block 32784, lost async page write
2024-09-26T16:53:49.863161+01:00 mainframe kernel: audit: type=1400 audit(1727366029.861:342): apparmor="DENIED" operation="open" class="file" profile="snap-update-ns.firefox" name="/proc/30907/maps" pid=30907 comm="5" requested_mask="r" denied_mask="r" fsuid=1000 ouid=0
2024-09-26T16:53:51.137257+01:00 mainframe kernel: audit: type=1107 audit(1727366031.136:343): pid=715 uid=101 auid=4294967295 ses=4294967295 subj=unconfined msg='apparmor="DENIED" operation="dbus_method_call"  bus="system" path="/org/freedesktop/timedate1" interface="org.freedesktop.DBus.Properties" member="GetAll" mask="send" name=":1.347" pid=30889 label="snap.firefox.firefox" peer_pid=31009 peer_label="unconfined"
2024-09-26T16:53:51.137267+01:00 mainframe kernel:  exe="/usr/bin/dbus-daemon" sauid=101 hostname=? addr=? terminal=?'
2024-09-26T16:53:51.137267+01:00 mainframe kernel: audit: type=1107 audit(1727366031.137:344): pid=715 uid=101 auid=4294967295 ses=4294967295 subj=unconfined msg='apparmor="DENIED" operation="dbus_method_call"  bus="system" path="/org/freedesktop/timedate1" interface="org.freedesktop.DBus.Properties" member="GetAll" mask="send" name=":1.347" pid=30889 label="snap.firefox.firefox" peer_pid=31009 peer_label="unconfined"
2024-09-26T16:53:51.137268+01:00 mainframe kernel:  exe="/usr/bin/dbus-daemon" sauid=101 hostname=? addr=? terminal=?'
2024-09-26T17:20:31.925161+01:00 mainframe kernel: audit: type=1400 audit(1727367631.923:345): apparmor="DENIED" operation="capable" class="cap" profile="/usr/lib/snapd/snap-confine" pid=34503 comm="snap-confine" capability=12  capname="net_admin"
2024-09-26T17:20:31.943147+01:00 mainframe kernel: audit: type=1400 audit(1727367631.941:346): apparmor="DENIED" operation="open" class="file" profile="snap-update-ns.firefox" name="/proc/34524/maps" pid=34524 comm="5" requested_mask="r" denied_mask="r" fsuid=1000 ouid=0
2024-09-26T17:20:33.042166+01:00 mainframe kernel: audit: type=1107 audit(1727367633.040:347): pid=715 uid=101 auid=4294967295 ses=4294967295 subj=unconfined msg='apparmor="DENIED" operation="dbus_method_call"  bus="system" path="/org/freedesktop/timedate1" interface="org.freedesktop.DBus.Properties" member="GetAll" mask="send" name=":1.444" pid=34503 label="snap.firefox.firefox" peer_pid=34626 peer_label="unconfined"
2024-09-26T17:20:33.042249+01:00 mainframe kernel:  exe="/usr/bin/dbus-daemon" sauid=101 hostname=? addr=? terminal=?'
2024-09-26T17:20:33.051313+01:00 mainframe kernel: audit: type=1107 audit(1727367633.049:348): pid=715 uid=101 auid=4294967295 ses=4294967295 subj=unconfined msg='apparmor="DENIED" operation="dbus_method_call"  bus="system" path="/org/freedesktop/timedate1" interface="org.freedesktop.DBus.Properties" member="GetAll" mask="send" name=":1.444" pid=34503 label="snap.firefox.firefox" peer_pid=34626 peer_label="unconfined"
2024-09-26T17:20:33.051325+01:00 mainframe kernel:  exe="/usr/bin/dbus-daemon" sauid=101 hostname=? addr=? terminal=?'
2024-09-26T17:26:11.359368+01:00 mainframe kernel: input: Virtual Keyboard as /devices/virtual/input/input7
2024-09-26T17:27:10.311101+01:00 mainframe kernel: input: Virtual Keyboard as /devices/virtual/input/input8
2024-09-26T17:42:09.523222+01:00 mainframe kernel: audit: type=1107 audit(1727368929.522:349): pid=715 uid=101 auid=4294967295 ses=4294967295 subj=unconfined msg='apparmor="DENIED" operation="dbus_method_call"  bus="system" path="/org/freedesktop/timedate1" interface="org.freedesktop.DBus.Properties" member="GetAll" mask="send" name=":1.494" pid=34503 label="snap.firefox.firefox" peer_pid=38206 peer_label="unconfined"
2024-09-26T17:42:09.523236+01:00 mainframe kernel:  exe="/usr/bin/dbus-daemon" sauid=101 hostname=? addr=? terminal=?'
2024-09-26T17:42:11.597525+01:00 mainframe kernel: audit: type=1107 audit(1727368931.594:350): pid=715 uid=101 auid=4294967295 ses=4294967295 subj=unconfined msg='apparmor="DENIED" operation="dbus_signal"  bus="system" path="/org/freedesktop/timedate1" interface="org.freedesktop.DBus.Properties" member="PropertiesChanged" name=":1.494" mask="receive" pid=34503 label="snap.firefox.firefox" peer_pid=38206 peer_label="unconfined"
2024-09-26T17:42:11.597553+01:00 mainframe kernel:  exe="/usr/bin/dbus-daemon" sauid=101 hostname=? addr=? terminal=?'
2024-09-26T17:42:12.213225+01:00 mainframe kernel: audit: type=1107 audit(1727368932.212:351): pid=715 uid=101 auid=4294967295 ses=4294967295 subj=unconfined msg='apparmor="DENIED" operation="dbus_signal"  bus="system" path="/org/freedesktop/timedate1" interface="org.freedesktop.DBus.Properties" member="PropertiesChanged" name=":1.494" mask="receive" pid=34503 label="snap.firefox.firefox" peer_pid=38206 peer_label="unconfined"
2024-09-26T17:42:12.213323+01:00 mainframe kernel:  exe="/usr/bin/dbus-daemon" sauid=101 hostname=? addr=? terminal=?'
2024-09-26T17:46:27.762422+01:00 mainframe kernel: rfkill: input handler enabled
